R 3213613068
W 3213613088
W 7331500
R 7331776
W 7331496
W 7332480
R 7331576
W 7332488
W 7332568
R 7331584
W 7332528
R 7331592
W 7332812
R 7331600
W 7332532
R 7331608
W 7332536
R 7331616
W 7332552
R 7331624
W 7332556
R 7331632
W 7332524
R 7331640
W 7332520
R 7331648
W 7332592
R 7331656
W 7332604
R 7331664
W 7332580
R 7331672
W 7332584
R 7331680
W 7332588
R 7331688
R 7331696
W 7332660
R 7331704
W 7332656
W 7332608
R 7331712
R 7331720
W 7332664
R 7331728
W 7332708
R 7331736
W 7332668
W 7332752
R 7331744
W 7332764
R 7331752
R 7332480
W 3213613096
R 7332764
R 7332876
W 7332876
R 7331360
R 7331364
W 7331360
W 7331364
W 3213613108
R 3213613108
W 3213613108
W 3213613112
R 3213613112
W 3213613112
W 3213613080
W 3213613084
R 3213613080
R 3213613084
R 3213613112
R 3213613108
W 3213613116
R 3213613116
W 3213613116
W 3213613120
R 3213613112
R 3213613120
W 3213613120
R 3213613120
R 3213613108
R 3213613116
R 3213613108
R 3213613112
W 3213613116
W 3213613120
W 3213613080
W 3213613084
R 3213613080
R 3213613084
R 3213613120
R 3213613116
R 3213613120
W 7331360
W 7331364
R 3213613116
R 3213613116
R 3213613120
W 7331360
W 7331364
W 3213613068
W 3213613064
W 3213613060
W 3213613056
W 3213613052
R 7332812
R 7331596
R 7225780
W 7332848
R 7225784
W 3213613044
R 7225788
W 7332852
R 7225792
W 7332864
W 7332860
W 7332856
R 3213613044
W 7332868
R 3213613056
R 3213613060
R 3213613064
R 3213613068
W 7332500
W 7332908
W 7332912
W 7332916
R 3213613088
W 7332452
W 7332456
W 7331568
W 3213613076
W 3213613072
W 3213613068
W 3213613064
W 3213613060
W 3213613056
W 3213613052
R 3213613072
W 3213613032
R 3213613032
R 3213613032
R 3213613152
W 7331568
W 7331520
W 7330944
W 7333428
R 3213613164
R 3213613168
R 3213613172
R 3213613176
R 3213613180
R 3213613184
R 3213613188
R 3213613192
R 3213613196
R 3213613200
R 3213613204
R 3213613208
R 3213613212
R 3213613216
R 3213613220
R 3213613224
R 3213613228
R 3213613232
R 3213613236
R 3213613240
R 3213613244
R 3213613248
R 3213613252
R 3213613256
R 3213613260
R 3213613264
R 3213613268
R 3213613272
R 3213613276
R 3213613280
R 3213613284
R 3213613288
W 7331572
W 3213613048
R 3213613292
W 7330984
R 7317460
R 3213613300
R 3213613296
R 7317464
R 3213613304
W 7331372
R 3213613308
R 7317396
R 3213613312
W 7331040
W 7331036
R 3213613316
R 7317356
R 3213613320
W 7330992
R 3213613324
R 7317400
R 3213613328
W 7331004
R 3213613332
R 7317344
R 3213613340
R 3213613336
R 7317348
R 3213613348
R 7317352
R 3213613356
R 3213613352
R 7317360
R 3213613364
R 7317364
R 3213613372
R 7317368
R 3213613376
W 3213613048
R 3213613380
R 7317376
R 3213613388
R 7317380
R 3213613396
R 7317384
R 3213613404
R 7317388
R 3213613412
R 7317424
R 3213613416
W 7331564
R 3213613420
R 7317392
R 3213613424
W 7330984
R 3213613428
R 7331372
R 7331368
W 7331368
W 3213613036
W 3213613032
W 3213613028
R 3213613036
W 3213613024
W 3213613020
R 3213613020
R 3213613020
W 7333408
R 3213613024
R 3213613028
R 3213613032
R 7330984
R 3213613451
W 3213613036
W 3213613032
R 3213613036
R 3213613451
R 3213613452
R 3213613036
R 3213613032
W 7330988
W 3213613036
W 3213613032
W 3213613028
W 3213613016
W 3213613008
R 3213613008
R 3213613008
W 3213613024
R 3213613036
W 3213613020
R 7333408
R 7333392
R 7333408
R 3213613016
R 3213613020
R 3213613024
R 3213613028
R 3213613032
R 7331564
W 3213613044
W 3213613040
W 3213613036
R 3213613076
W 3213613032
W 3213613028
W 3213613024
W 3213613020
W 3213613016
W 3213613012
R 3213613012
R 3213613012
W 7332476
W 7333248
W 7333196
W 7333200
W 7333204
W 3213612052
W 3213612048
W 3213612044
W 3213612040
W 3213612036
W 3213612032
R 3213612032
R 3213612032
W 3213612012
W 3213612016
W 3213612020
R 7331564
R 7333428
W 7331344
W 3213611912
W 3213612032
R 3213611912
W 3213611884
W 3213611880
W 3213611876
R 3213612032
R 3213613164
R 3213621474
R 3213613168
R 3213621510
R 3213613172
R 3213621521
R 3213613176
R 3213621537
R 3213613180
R 3213621551
R 3213613184
R 3213621565
R 3213613188
R 3213621599
R 3213613192
R 3213621621
R 3213613196
R 3213621699
R 3213613200
R 3213621729
R 3213613204
R 3213621749
R 3213613208
R 3213621762
R 3213621763
R 3213613212
R 3213621773
R 3213613216
R 3213621785
R 3213613220
R 3213621814
R 3213613224
R 3213622011
R 3213613228
R 3213622032
R 3213613232
R 3213622116
R 3213622117
R 3213613236
R 3213622133
R 3213613240
R 3213622152
R 3213613244
R 3213622203
R 3213613248
R 3213622211
R 3213613252
R 3213622237
R 3213622238
R 3213613256
R 3213622253
R 3213613260
R 3213622279
R 3213613264
R 3213622291
R 3213613268
R 3213622342
R 3213622343
R 3213613272
R 3213622376
R 3213613276
R 3213622397
R 3213613280
R 3213622461
R 3213613284
R 3213622948
R 3213613288
R 3213611876
R 3213611880
R 3213611884
W 3213611908
R 7331564
R 3213612016
R 3213612012
W 3213613008
R 7331516
R 3213612036
R 3213612040
R 3213612044
R 3213612048
R 3213612052
R 3213613044
R 3213613048
W 3213612064
W 3213612060
W 3213612056
W 3213612052
W 3213612048
W 3213612044
W 3213612040
W 3213612036
W 3213612032
R 3213612032
R 3213612032
W 3213612004
W 3213612000
W 3213611996
W 3213611984
W 3213611980
R 3213611984
R 7318859
R 3213611984
R 3213611980
W 3213612012
R 7331416
W 3213612020
R 3213612060
W 3213612020
W 3213611988
R 3213612012
W 3213611984
W 3213611980
R 7331796
W 3213611976
R 3213611988
W 3213611968
R 3213611984
W 3213611964
W 3213611956
R 3213611956
R 3213611956
W 3213611972
W 3213611960
W 3213611956
R 7331792
W 3213611952
W 3213611948
W 3213611944
R 3213611944
R 3213611944
R 3213611960
W 3213611940
W 3213611944
W 3213611936
R 7331788
W 3213611932
W 3213611920
R 3213611940
W 3213611892
R 3213611892
R 3213611892
W 3213611928
R 3213611944
W 3213611924
R 7333400
R 7330992
W 7333396
W 7333400
R 7333396
R 7333400
W 7333396
R 7333396
W 7333404
W 7333396
R 3213611920
R 3213611924
R 3213611928
R 3213611932
R 3213611936
R 3213611948
R 3213611952
R 3213611956
R 3213611964
R 3213611968
R 3213611972
R 3213611976
R 3213611980
W 3213612016
W 3213612008
R 3213612012
W 7333484
W 3213612016
W 7333476
W 3213611992
R 3213612000
W 3213611984
W 3213611988
W 3213611980
R 3213611992
R 3213611984
R 3213611988
W 7334184
R 7318859
R 3213611984
R 3213611980
R 3213612016
W 7334180
R 3213611996
R 3213612004
W 7334172
R 7333852
W 7333460
W 7333852
R 3213612064
R 3213612056
W 7333480
R 3213612020
W 7333820
R 3213612008
W 7334044
R 3213612020
W 7334052
R 3213612020
W 7334060
R 3213612020
W 7334068
R 3213612020
W 7334076
R 3213612020
W 7334084
R 3213612020
W 7334092
R 3213612020
W 7334100
R 3213612020
W 7334108
R 3213612020
W 7334116
R 3213612020
W 7334124
R 3213612020
W 7334132
R 3213612020
W 7334140
R 3213612020
W 7334148
R 3213612020
W 7334156
R 3213612020
W 7334164
R 3213612020
R 3213612064
R 3213612008
R 3213612008
R 7331840
W 7333916
W 7333912
R 3213612064
W 7331840
R 7331844
W 7331844
R 3213612056
R 7332440
W 7332440
R 7332444
W 7332444
R 3213612008
W 3213612056
W 7333896
R 3213612008
R 3213612008
R 3213612004
W 7333920
R 7318859
R 3213612016
R 3213612036
R 3213612040
R 3213612044
R 3213612048
R 3213612052
R 3213613040
R 3213613036
R 3213613044
W 3213612275
W 3213612264
R 3213612264
W 7333792
W 7333800
R 3213613048
W 7333796
R 3213612264
W 3213612273
R 7333848
W 7333848
W 7333888
W 7333892
W 7333884
R 3213613040
W 3213613040
R 3213613040
R 3213613036
R 3213613036
R 3213613036
W 3213612273
R 134512692
R 3213613036
R 3213612264
R 134512700
W 7333456
R 134512724
R 3213612264
R 134512732
R 7333456
W 7332508
R 7332488
W 7333284
W 3213612273
R 134512756
R 3213612264
R 134512784
R 134512764
R 7333456
R 7333884
W 7333884
R 3213612264
R 7333456
R 134512764
R 134512776
R 7333888
W 7333888
R 134512780
R 3213612264
R 7333892
W 7333892
R 134512788
R 3213612264
R 134512816
R 134512796
R 7333456
R 7333884
R 3213612264
R 7333456
R 134512796
R 134512808
R 7333888
W 7333888
R 134512812
R 134512820
R 3213612264
R 134512828
R 7333456
W 7333464
R 134512852
R 134512884
R 134512916
R 134512940
W 7333208
R 3213612264
R 7334008
R 3213612264
R 7333888
R 3213612264
R 7333892
R 7332508
R 7332568
R 7332532
R 7331604
R 7332508
R 7333284
R 7331580
W 3213612056
W 3213612060
W 3213612052
R 3213612056
R 3213612060
R 134512948
R 7226808
R 3213612052
R 7332508
R 7331580
W 7333268
W 7333272
W 7333264
W 7333288
R 3213612275
R 3213612264
R 7333464
R 134599744
W 7333492
R 134599752
W 7333492
R 134599760
W 7333492
R 134599768
W 7333492
R 134599776
W 7333536
R 134599784
W 7333540
R 134599792
W 7333788
R 134599800
W 7333508
R 134599808
W 7333512
R 134599816
W 7333528
R 134599824
W 7333532
R 134599832
W 7333572
R 134599840
W 7333500
R 134599848
W 7333496
R 134599856
W 7333568
R 134599864
W 7333580
R 134599872
W 7333556
R 134599880
W 7333560
R 134599888
W 7333564
R 134599896
W 7333628
R 134599904
W 7333624
R 134599912
W 7333684
R 134599920
W 7333772
R 134599928
W 7333732
R 134599936
W 7333776
R 134599944
W 7333736
R 134599952
R 3213612264
R 7333456
R 7333608
R 7333640
R 7333604
R 3213612264
W 3213612052
W 3213612048
W 3213612044
W 3213612040
W 3213612036
R 7333788
R 134599796
R 134513000
W 7333824
R 134513004
W 3213612028
R 134513008
W 7333828
R 134513012
W 7333840
W 7333836
W 7333832
R 3213612028
W 7333844
R 3213612040
R 3213612044
R 3213612048
R 3213612052
R 3213613008
R 7331372
W 3213612280
W 3213612064
W 3213612060
W 3213612056
W 3213612052
W 3213612048
W 3213612044
W 3213612040
W 3213612036
W 3213612032
R 3213612032
R 3213612032
W 3213612004
W 3213612000
W 3213611996
W 3213611984
W 3213611980
R 3213611984
R 7318859
R 3213611984
R 3213611980
W 3213612012
R 7331416
W 3213612020
R 3213612060
W 3213611988
R 3213612012
W 3213611984
W 3213611980
R 7331796
W 3213611976
R 3213611988
W 3213611968
R 3213611984
W 3213611964
W 3213611956
R 3213611956
R 3213611956
W 3213611972
W 3213611960
W 3213611956
R 7331792
W 3213611952
W 3213611948
W 3213611944
R 3213611944
R 3213611944
R 3213611960
W 3213611940
W 3213611944
W 3213611936
R 7331788
W 3213611932
W 3213611920
R 3213611940
W 3213611892
R 3213611892
R 3213611892
W 3213611928
R 3213611944
W 3213611924
R 7333400
R 7333396
R 7333400
W 7333396
R 7333396
W 7333404
W 7333396
R 3213611920
R 3213611924
R 3213611928
R 3213611932
R 3213611936
R 3213611948
R 3213611952
R 3213611956
R 3213611964
R 3213611968
R 3213611972
R 3213611976
R 3213611980
W 3213612016
W 3213612008
R 3213612012
W 7334220
W 3213612016
W 7334212
W 3213611992
R 3213612000
W 3213611984
W 3213611988
W 3213611980
R 3213611992
R 3213611984
R 3213611988
W 7334792
R 7318859
R 3213611984
R 3213611980
R 3213612016
W 7334788
R 3213611996
R 3213612004
W 7334780
R 7334588
W 7334196
W 7334588
R 3213612064
R 3213612056
W 7334216
R 3213612020
W 7334556
R 3213612064
R 3213612008
R 3213612008
R 7331840
W 7334652
W 7334648
R 7333468
R 3213612008
W 7334208
W 7333468
R 3213612064
R 7334652
R 7331840
W 7334632
R 7331844
W 7331844
R 3213612056
R 7332440
W 7332440
R 7332444
W 7332444
R 3213612008
W 3213612056
R 7334632
R 3213612060
W 7334636
R 3213612008
R 3213612008
R 3213612004
W 7334656
R 7318859
R 3213612016
R 3213612036
R 3213612040
R 3213612044
R 3213612048
R 3213612052
W 3213612300
W 3213612280
R 3213612300
R 7331372
R 3213612300
R 3086147628
R 3086147612
W 7334528
W 7334536
W 3213612088
R 3086147636
R 3213612300
R 7334192
R 3086147644
R 3213612300
W 7334192
R 3213612300
R 3086147644
R 3086147656
R 7334624
W 7334624
R 3086147660
R 3213612300
R 3086147644
R 3086147656
R 7334628
W 7334628
R 3213612088
R 3086147668
R 3086147676
R 3213612300
W 7334200
R 3086147688
R 3213612300
W 7334538
R 3213612088
R 3086147700
R 3213612088
R 3086147732
R 3213612088
R 3213612300
R 3213612300
W 7334620
R 7334192
R 7334624
W 7334624
R 7334628
W 7334628
W 7334192
W 3213612176
R 7334200
W 7334200
R 3086149032
W 7334280
R 3086149040
W 7334240
R 3086149048
W 7334244
R 3086149056
W 7334248
R 3086149064
W 7334264
R 3086149072
W 7334268
R 3086149080
W 7334372
R 3086149088
W 7334368
R 3086149096
W 7334420
R 3086149104
R 3213612176
R 7334240
R 3086149040
W 7331424
R 3213612176
R 3086149044
W 7331428
W 7334240
R 7334236
R 7334244
R 3086149048
W 7331432
R 3213612176
R 3086149052
W 7331436
W 7334244
R 7334248
R 3086149056
W 7331440
R 3213612176
R 3086149060
W 7331444
W 7334248
R 7334252
R 7334292
R 7334316
R 7334420
R 3086149096
W 7331448
R 3213612176
R 3086149100
W 7331452
W 7334420
R 7334524
R 7334344
R 7334376
R 7334340
R 3213612300
W 3213612052
W 3213612048
W 3213612044
W 3213612040
W 3213612036
R 7334524
R 3213612036
R 7334240
R 7331428
R 3086147764
W 7334580
W 7334560
W 7334576
R 3213612040
R 3213612044
R 3213612048
R 3213612052
R 3213612300
R 7334656
R 7334588
W 7334588
W 7334544
W 7334540
R 7334280
R 7334244
R 3086149036
R 7331436
W 3213612056
W 3213612052
R 3213612056
R 3086147944
R 3086147948
R 3086147952
R 3086147956
R 3213612056
R 3213612052
W 3213612304
W 3213612056
W 3213612052
R 7331792
W 3213612048
W 3213612044
W 3213612040
R 3213612040
R 3213612040
R 3213612056
W 3213612036
W 3213612040
W 3213612032
R 7331788
W 3213612028
W 3213612016
R 3213612036
W 3213611988
R 3213611988
R 3213611988
W 3213612024
R 3213612040
W 3213612020
R 7333400
R 7333396
R 7333400
W 7333396
R 7333396
W 7333404
W 7333396
R 3213612016
R 3213612020
R 3213612024
R 3213612028
R 3213612032
R 3213612044
R 3213612048
R 3213612052
R 3213612300
R 3213612304
R 7334220
W 3213612064
W 3213612060
W 3213612056
W 3213612052
R 3213612064
R 3213612056
R 3213612060
W 7334800
R 3086147944
W 7334801
R 3086147945
W 7334803
R 3086147947
W 7334807
R 3086147951
W 7334811
R 3086147955
R 3213612056
R 3213612052
W 7334780
R 3213612300
R 3213612300
W 7334208
W 7332492
R 7331368
W 3213612280
W 7331376
R 3213612300
R 7334536
R 7334528
W 3213612376
W 3213612416
W 3213612372
W 3213612108
R 3213612416
R 3086147636
R 3213612372
W 3213612372
R 3213612372
R 3213612416
W 3213612416
R 3213612376
R 3213612416
R 3086147668
R 3213612372
W 3213612372
R 3213612372
R 3213612416
W 3213612416
R 3213612376
R 3213612416
R 3086147700
R 3213612300
R 3213612416
R 3086147708
R 7334192
R 3086147720
W 3213612096
W 3213612384
W 3213612388
R 3213612096
R 3213612108
R 3086148704
R 7316572
R 3086148705
R 7316573
R 3086148706
R 7316574
R 3086148707
R 7316575
R 3086148708
R 7316576
R 3086148709
R 7316577
R 3086148710
R 7316578
R 3086148711
R 7316579
R 3086148712
R 7316580
R 3086148713
R 7316581
R 3086148714
R 7316582
R 3086148715
R 7316583
R 3086148716
R 7316584
R 3086148717
R 7316585
R 3086148718
R 7316586
R 3086148719
R 7316587
R 3086148720
R 7316588
R 3086148721
R 7316589
R 3086148722
R 7316590
R 3086148723
R 7316591
R 3213612096
R 3086148724
R 7330980
W 7330980
R 7331504
W 3213612052
W 3213612048
W 3213612044
W 3213612040
W 3213612036
W 3213612032
R 3213612032
R 3213612032
W 3213612024
R 7330988
R 7330984
W 3213611992
W 3213611988
W 3213611984
W 3213611980
W 3213611976
W 3213611972
W 3213611968
R 3213611968
R 3213611968
W 3213611876
W 3213611872
W 3213611868
R 7331036
R 7331044
W 3213611908
R 7331040
R 7331048
W 3213611912
R 3213611876
W 3213611916
R 3213611912
R 3213611908
R 3213611912
R 3213611908
R 3213611916
W 3213611916
R 3213611912
R 3213611908
R 3213611912
R 3213611908
R 3213611916
W 3213611916
R 3213611912
R 3213611908
R 3213611912
R 3213611908
R 3213611916
W 3213611916
R 3213611912
R 3213611908
R 3213611912
R 3213611908
R 3213611916
W 3213611916
R 3213611912
R 3213611908
R 3213611912
R 3213611908
R 3213611916
W 3213611916
R 3213611912
R 3213611908
R 3213611912
R 3213611908
R 3213611916
W 3213611916
R 3213611912
R 3213611908
R 3213611912
R 3213611908
R 3213611916
W 3213611916
R 3213611912
R 3213611908
R 3213611912
R 3213611908
R 3213611916
W 3213611916
R 3213611912
R 3213611908
R 3213611912
R 3213611908
R 3213611916
W 3213611916
R 3213611912
R 3213611908
R 3213611912
R 3213611908
R 3213611916
W 3213611916
R 3213611912
R 3213611908
R 3213611912
R 3213611908
R 3213611916
W 3213611916
R 3213611912
R 3213611908
R 3213611912
R 3213611908
R 3213611916
W 3213611916
R 3213611912
R 3213611908
R 3213611912
R 3213611908
R 3213611916
W 3213611916
R 3213611912
R 3213611908
R 3213611912
R 3213611908
R 3213611916
W 3213611916
R 3213611912
R 3213611908
R 3213611912
R 3213611908
R 3213611916
W 3213611916
R 3213611912
R 3213611908
R 3213611912
R 3213611908
R 3213611916
W 3213611916
R 3213611912
R 3213611908
R 3213611912
R 3213611908
R 3213611916
W 3213611916
R 3213611912
R 3213611908
R 3213611912
R 3213611908
R 3213611916
W 3213611916
R 3213611912
R 3213611908
R 3213611912
R 3213611908
R 3213611916
W 3213611916
R 3213611912
R 3213611908
R 3213611912
R 3213611908
R 3213611916
W 3213611916
R 3213611912
R 3213611908
R 3213611912
R 3213611908
R 3213611916
W 3213611916
R 3213611912
R 3213611908
R 3213611912
R 3213611908
R 3213611916
W 3213611916
R 3213611912
R 3213611908
R 3213611912
R 3213611908
R 3213611916
W 3213611916
R 3213611912
R 3213611908
R 3213611912
R 3213611908
R 3213611916
W 3213611916
R 3213611912
R 3213611908
R 3213611912
R 3213611908
R 3213611916
W 3213611916
R 3213611912
R 3213611908
R 3213611912
R 3213611908
R 3213611916
W 3213611916
R 3213611912
R 3213611908
R 3213611912
R 3213611908
R 3213611916
W 3213611916
R 3213611912
R 3213611908
R 7331376
W 3213611880
R 7334536
R 7334528
W 3213611932
W 3213611952
W 3213611936
W 3213611844
R 3213611952
R 3086147636
R 3213611936
W 3213611936
R 3213611936
R 3213611952
W 3213611952
R 3213611932
R 3213611952
R 3086147668
R 3213611936
W 3213611936
R 3213611936
R 3213611952
W 3213611952
R 3213611932
R 3213611952
R 3086147700
R 3213611880
R 3086147708
R 3086147720
R 7334192
W 3213611888
W 3213611840
W 3213611884
R 3213611840
R 3086148712
R 3213611840
R 3086148704
R 3086148708
R 3213611884
R 3213611888
W 3213611840
R 3213611936
W 3213611936
R 3213611936
R 3213611952
W 3213611952
R 3213611932
R 3213611952
R 3086147732
R 3213611936
W 3213611936
R 3213611936
R 3213611952
W 3213611952
R 3213611932
R 3213611916
W 3213611924
W 3213611968
W 3213611928
R 3213611912
R 3213611908
R 3213611924
R 3213611928
W 3213611964
W 3213611856
W 3213611852
R 3213611964
R 3213611912
R 3213611908
R 3213611912
R 3213611908
R 3213611964
W 3213611964
R 3213611856
W 3213611856
R 3213611964
R 3213611912
R 3213611908
R 3213611912
R 3213611908
R 3213611964
W 3213611964
R 3213611856
W 3213611856
R 3213611964
R 3213611912
R 3213611908
R 3213611912
R 3213611908
R 3213611964
W 3213611964
R 3213611856
W 3213611856
R 3213611964
R 3213611912
R 3213611908
R 3213611912
R 3213611908
R 3213611964
W 3213611964
R 3213611856
W 3213611856
R 3213611964
R 3213611912
R 3213611908
R 3213611912
R 3213611908
R 3213611964
W 3213611964
R 3213611856
W 3213611856
R 3213611964
R 3213611912
R 3213611908
R 3213611912
R 3213611908
R 3213611964
W 3213611964
R 3213611856
W 3213611856
R 3213611964
R 3213611912
R 3213611908
R 3213611912
R 3213611908
R 3213611964
W 3213611964
R 3213611856
W 3213611856
R 3213611964
R 3213611912
R 3213611908
R 3213611912
R 3213611908
R 3213611964
W 3213611964
R 3213611856
W 3213611856
R 3213611964
R 3213611912
R 3213611908
R 3213611912
R 3213611908
R 3213611964
W 3213611964
R 3213611856
W 3213611856
R 3213611964
R 3213611912
R 3213611908
R 3213611912
R 3213611908
R 3213611964
W 3213611964
R 3213611856
W 3213611856
R 3213611964
R 3213611912
R 3213611908
R 3213611912
R 3213611908
R 3213611964
W 3213611964
R 3213611856
W 3213611856
R 3213611964
R 3213611912
R 3213611908
R 3213611912
R 3213611908
R 3213611964
W 3213611964
R 3213611856
W 3213611856
R 3213611964
R 3213611912
R 3213611908
R 3213611912
R 3213611908
R 3213611964
W 3213611964
R 3213611856
W 3213611856
R 3213611964
R 3213611912
R 3213611908
R 3213611912
R 3213611908
R 3213611964
W 3213611964
R 3213611856
W 3213611856
R 3213611964
R 3213611912
R 3213611908
R 3213611912
R 3213611908
R 3213611964
W 3213611964
R 3213611856
W 3213611856
R 3213611964
R 3213611912
R 3213611908
R 3213611912
R 3213611908
R 3213611964
W 3213611964
R 3213611856
W 3213611856
R 3213611964
R 3213611912
R 3213611908
R 3213611912
R 3213611908
R 3213611964
W 3213611964
R 3213611856
W 3213611856
R 3213611964
R 3213611912
R 3213611908
R 3213611912
R 3213611908
R 3213611964
W 3213611964
R 3213611856
W 3213611856
R 3213611964
R 3213611912
R 3213611908
R 3213611912
R 3213611908
R 3213611964
W 3213611964
R 3213611856
W 3213611856
R 3213611964
R 3213611912
R 3213611908
R 3213611912
R 3213611908
R 3213611964
W 3213611964
R 3213611856
W 3213611856
R 3213611964
R 3213611912
R 3213611908
R 3213611912
R 3213611908
R 3213611964
W 3213611964
R 3213611856
W 3213611856
R 3213611964
R 3213611912
R 3213611908
R 3213611912
R 3213611908
R 3213611964
W 3213611964
R 3213611856
W 3213611856
R 3213611964
R 3213611912
R 3213611908
R 3213611912
R 3213611908
R 3213611964
W 3213611964
R 3213611856
W 3213611856
R 3213611964
R 3213611912
R 3213611908
R 3213611912
R 3213611908
R 3213611964
W 3213611964
R 3213611856
W 3213611856
R 3213611964
R 3213611912
R 3213611908
R 3213611912
R 3213611908
R 3213611964
W 3213611964
R 3213611856
W 3213611856
R 3213611964
R 3213611912
R 3213611908
R 3213611912
R 3213611908
R 3213611964
W 3213611964
R 3213611856
W 3213611856
R 3213611964
R 3213611912
R 3213611908
R 3213611852
R 3213611856
W 3213611808
W 3213611788
W 3213611784
R 3213611788
R 7331260
R 7331264
R 3213611788
R 3213611784
R 3213611964
R 3213611912
R 3213611924
W 3213611924
R 3213611852
W 3213611852
W 3213611812
R 3213611908
W 3213611912
R 3213611912
W 3213611908
R 3213611908
R 3213611876
R 3213611924
R 3213611928
R 3213611876
R 3213611872
W 3213611816
W 3213611820
W 3213611924
R 3213611928
R 3213611924
R 3213611968
W 3213611824
W 3213611828
R 3213611968
R 3213611928
R 3213611828
R 3213611812
R 3213611928
R 3213611820
R 3213611968
R 3213611968
R 3213611968
R 3213611968
R 3213611868
W 3213611896
W 7331548
W 3213611788
W 3213611784
R 7331792
W 3213611780
W 3213611776
W 3213611772
R 3213611772
R 3213611772
R 3213611788
W 3213611768
W 3213611772
W 3213611764
R 7331788
W 3213611760
W 3213611748
R 3213611768
W 3213611720
R 3213611720
R 3213611720
W 3213611756
R 3213611772
W 3213611752
R 7333400
R 7333396
R 7333400
W 7333396
R 7333396
W 7333404
W 7333396
R 3213611748
R 3213611752
R 3213611756
R 3213611760
R 3213611764
R 3213611776
R 3213611780
R 3213611784
W 3213611900
R 3213611968
R 3213611868
R 3213611900
R 3213611968
R 7331548
W 7334816
W 7334824
R 3213611968
W 3213611860
R 3213611928
W 3213611920
R 3213611968
R 3213611968
W 3213611944
W 3213611948
W 3213611956
R 3213611828
R 3213611920
W 3213611920
W 3213611796
R 3213611824
W 3213611788
W 3213611792
W 3213611784
R 3213611796
R 3213611788
R 3213611792
W 7334880
R 7320507
W 7334881
R 7320508
R 3213611784
W 7334883
R 3213611956
R 3213611944
R 3213611956
R 3213611920
R 3213611820
W 3213611796
R 3213611816
W 3213611788
W 3213611792
W 3213611784
R 3213611796
R 3213611788
R 3213611792
W 7334884
R 3213613451
R 3213611784
W 7334888
R 3213611928
R 3213611812
W 3213611796
R 3213611808
W 3213611788
W 3213611792
W 3213611784
R 3213611796
R 3213611788
R 3213611792
W 7334889
R 7331260
R 3213611784
W 7334893
R 3213611920
R 3213611948
R 3213611828
R 3213611920
W 3213611920
W 3213611796
R 3213611824
W 3213611788
W 3213611792
W 3213611784
R 3213611796
R 3213611788
R 3213611792
W 7334894
R 7320507
W 7334895
R 7320508
R 3213611784
W 7334897
R 3213611956
R 3213611944
R 3213611956
R 3213611920
R 3213611928
R 3213611812
W 3213611796
R 3213611808
W 3213611788
W 3213611792
W 3213611784
R 3213611796
R 3213611788
R 3213611792
W 7334898
R 7331260
R 3213611784
W 7334902
R 3213611920
R 3213611968
R 3213611900
W 7334820
W 7334828
W 7334836
W 7334844
W 7334852
W 7334860
W 7334868
W 7334876
R 3213611928
R 3213611968
R 3213611968
W 3213611864
W 3213611840
W 3213611960
R 3213611960
W 3213611960
R 3213611960
R 3213611896
R 3213611900
R 3213611896
R 3213611840
R 3213611828
R 7334820
W 7334820
R 3213611840
R 3213611828
R 7334828
W 7334828
R 3213611840
R 3213611828
R 7334836
W 7334836
R 3213611840
R 3213611828
R 7334844
W 7334844
R 3213611960
R 3213611840
W 3213611840
R 3213611960
W 3213611960
R 3213611960
R 3213611896
R 3213611900
R 3213611896
R 3213611840
R 3213611820
R 7334820
W 7334820
R 3213611840
R 3213611820
R 7334828
W 7334828
R 3213611840
R 3213611820
R 7334852
W 7334852
R 3213611840
R 3213611820
R 7334860
W 7334860
R 3213611960
R 3213611840
W 3213611840
R 3213611960
W 3213611960
R 3213611960
R 3213611896
R 3213611900
R 3213611896
R 3213611840
R 3213611812
R 7334820
W 7334820
R 3213611840
R 3213611812
R 7334836
W 7334836
R 3213611840
R 3213611812
R 7334852
W 7334852
R 3213611840
R 3213611812
R 7334868
W 7334868
R 3213611960
R 3213611840
W 3213611840
R 3213611896
R 3213611900
R 3213611860
W 3213611904
R 3213611904
W 3213611904
R 3213611904
W 3213611840
R 3213611904
R 3213611840
R 3213611840
W 3213611840
R 7334820
R 7334816
W 7334832
R 3213611840
R 3213611840
W 3213611840
R 7334832
W 7334840
R 3213611860
R 3213611840
R 3213611864
R 3213611828
R 3213611840
R 7334816
W 7334848
R 3213611904
R 7334824
W 7334856
R 3213611904
R 7334832
W 7334864
R 3213611904
R 7334840
W 7334872
R 3213611904
R 3213611900
R 3213611992
R 7334820
W 7331552
R 3213611972
R 3213611976
R 3213611980
R 3213611984
R 3213611988
W 7331544
W 3213611992
W 3213611988
R 7331792
W 3213611984
W 3213611980
W 3213611976
R 3213611976
R 3213611976
R 3213611992
W 3213611972
W 3213611976
W 3213611968
R 7331788
W 3213611964
W 3213611952
R 3213611972
W 3213611924
R 3213611924
R 3213611924
W 3213611960
R 3213611976
W 3213611956
R 7333400
R 7333396
R 7333400
W 7333396
R 7333396
W 7333404
W 7333396
R 3213611952
R 3213611956
R 3213611960
R 3213611964
R 3213611968
R 3213611980
R 3213611984
R 3213611988
W 7331556
R 7331548
W 3213611992
W 3213611988
R 7331792
W 3213611984
W 3213611980
W 3213611976
R 3213611976
R 3213611976
R 3213611992
W 3213611972
W 3213611976
W 3213611968
R 7331788
W 3213611964
W 3213611952
R 3213611972
W 3213611924
R 3213611924
R 3213611924
W 3213611960
R 3213611976
W 3213611956
R 7333400
R 7333396
R 7333400
W 7333396
R 7333396
W 7333404
W 7333396
R 3213611952
R 3213611956
R 3213611960
R 3213611964
R 3213611968
R 3213611980
R 3213611984
R 3213611988
W 7334904
R 7331556
R 7334904
W 3213612032
W 3213612020
W 3213612012
R 3213612020
W 7331560
W 7332472
W 3213612016
R 3213612012
W 7334932
W 7334904
W 7334928
W 7334924
R 3213612032
R 7316608
W 7334936
R 7331548
W 7334940
R 7331548
W 7334944
R 7331548
W 7334948
R 7331548
W 7334952
R 7331548
W 7334956
R 7331548
W 7334960
R 7331548
W 7334964
R 7331548
W 7334968
R 7331548
R 3213612016
R 3213612020
R 3213612032
W 3213612032
W 7334920
R 3213612012
W 7334992
W 7334908
W 7334988
W 7334984
R 3213612032
R 7316612
W 7334996
R 7331548
W 7335000
R 7331548
W 7335004
R 7331548
W 7335008
R 7331548
W 7335012
R 7331548
W 7335016
R 7331548
W 7335020
R 7331548
W 7335024
R 7331548
W 7335028
R 7331548
W 7334980
W 7334912
R 7331840
W 7333324
R 7333604
R 7333548
W 7333944
W 7333864
R 3213612024
W 7331536
R 7332472
W 7331356
R 3213612036
R 3213612040
R 3213612044
R 3213612048
R 3213612052
R 7332480
W 3213612052
W 3213612048
W 3213612044
W 3213612040
W 3213612036
R 3213612036
R 3213612036
R 7331812
R 7333440
W 7333436
R 7331812
R 7333452
R 7331840
W 7333452
W 7333440
W 7333444
R 3213612040
R 3213612044
R 3213612048
R 3213612052
R 7332484
W 3213612284
W 7333448
R 7332508
R 7333284
W 7332484
R 7332876
R 7331844
W 7331844
W 7332876
R 3213612264
R 7332440
W 7332440
R 7332444
W 7332444
R 7331336
W 3213612136
W 7333468
W 7332496
R 7333456
W 7331336
R 7332908
R 7225388
R 7225372
W 7332824
R 7225388
W 7332816
R 7225556
R 7225564
W 7333060
R 7225576
W 7333064
R 7333040
R 7333280
W 3213612276
R 3213612264
R 7333572
R 3213612284
W 134599836
R 7332596
R 3213612284
W 7333448
W 3213612052
W 3213612048
R 3213612048
R 3213612052
R 7331416
R 7331508
W 3213612288
W 3213612060
W 3213612216
W 3213612056
W 3213612052
R 3213612060
R 3213612056
W 3213612048
R 3213612048
R 3213612048
W 7333432
R 3213612052
R 3213612280
W 3213612092
R 7334204
R 3213612288
R 3213613008
R 3213612092
W 3213612060
W 3213612056
R 3213612264
W 3213612052
W 3213612048
W 3213612044
W 3213612040
W 3213612036
W 3213611880
R 3213611880
W 3213611876
R 3213611880
W 3213611828
W 3213611872
W 3213611992
W 3213611824
W 3213611832
R 7333852
W 3213611800
R 3213611800
R 3213611800
W 7333852
W 3213611968
R 7333432
R 3213611872
W 3213611916
W 3213611832
W 3213611924
W 3213612028
W 7333432
W 3213611912
W 3213611868
W 3213611864
W 3213611860
R 3213611912
R 3213611912
R 3213611828
W 3213611824
R 7333804
W 3213611932
R 7333952
R 3213611880
R 3213611932
W 3213611936
R 7333492
R 3213611932
R 3213612056
R 7333508
R 7333464
R 134599804
W 3213612004
W 3213612000
W 3213611944
W 3213612012
R 3213612060
W 3213612008
R 134599744
W 3213611976
R 3213611912
W 3213611940
W 3213611948
R 3213611976
R 3213611944
R 134599748
W 3213611808
W 3213611804
W 3213611800
W 3213611796
R 3213611804
R 3213611808
R 134601809
R 134601810
R 134601811
R 134601812
R 134601816
R 3213611796
R 3213611800
R 3213611868
W 3213611808
W 3213612016
R 3213611864
W 3213611804
R 3213611860
W 3213611800
W 3213611796
W 3213611792
W 3213611788
W 3213611784
R 3213611784
R 3213611784
W 3213611604
W 3213611600
W 3213611596
W 3213611620
R 7332476
W 3213611576
W 3213611572
R 3213611572
R 3213611572
W 3213611572
R 3213611572
R 3213611576
W 3213611608
R 7333276
W 3213611584
W 3213611784
W 3213611580
W 3213611576
R 3213611580
W 3213611628
W 3213611632
W 3213611636
W 3213611644
R 3213611576
W 3213611648
W 3213611640
R 3213611576
R 3213611608
W 7333276
R 3213611808
W 3213611580
R 3213611804
W 3213611576
W 3213611572
W 3213611568
W 3213611564
R 3213611580
R 3213612000
R 7333852
R 3213612016
R 7333480
W 3213611560
R 3213612008
W 3213611556
R 3213612004
W 3213611548
W 3213611552
W 3213611544
W 3213611540
W 3213611536
W 3213611532
W 3213611528
W 3213611524
R 3213611524
R 3213611524
W 3213610940
W 3213610920
R 3213611560
W 3213610936
W 3213610928
R 3213610928
R 7331840
R 7333853
R 3213610920
W 3213610892
W 3213610888
W 3213610884
W 3213610880
W 3213610876
W 3213610872
R 3213610872
R 3213610872
R 7333460
W 3213610868
W 3213610872
W 3213610864
R 3213610868
R 3213610872
R 134601809
R 7318859
R 3213610864
R 7333484
R 7334172
W 3213610868
W 3213610872
W 3213610864
R 3213610868
R 3213610872
R 134601809
R 7334184
R 3213610864
R 7334176
R 3213610876
R 3213610880
R 3213610884
R 3213610888
R 3213610892
R 7333853
R 7333544
R 7333468
R 7332877
R 3213610920
W 3213610892
W 3213610888
W 3213610884
W 3213610880
W 3213610876
W 3213610872
R 3213610872
R 3213610872
R 7332484
W 3213610868
W 3213610872
W 3213610864
R 3213610868
R 3213610872
R 134601809
R 134512948
R 3213610864
R 7332508
R 7333284
W 3213610868
W 3213610872
W 3213610864
R 3213610868
R 3213610872
R 134601809
R 134512948
R 3213610864
R 7333288
R 7333264
W 3213610868
W 3213610872
W 3213610864
R 3213610868
R 3213610872
R 134601809
R 7226808
R 134601810
R 7226809
R 3213610864
R 7333268
R 3213610876
R 3213610880
R 3213610884
R 3213610888
R 3213610892
R 7332877
R 7332568
R 7331580
R 7332532
W 3213610956
R 7331604
W 3213610956
W 3213610900
R 3213610920
W 3213610896
W 3213610892
R 3213610896
R 3213610900
R 134601809
R 7226808
R 134601810
R 7226809
R 3213610892
R 7332492
R 7334589
R 3213610920
W 3213610892
W 3213610888
W 3213610884
W 3213610880
W 3213610876
W 3213610872
R 3213610872
R 3213610872
R 7334196
W 3213610868
W 3213610872
W 3213610864
R 3213610868
R 3213610872
R 134601809
R 7318859
R 3213610864
R 7334220
R 7334780
W 3213610868
W 3213610872
W 3213610864
R 3213610868
R 3213610872
R 134601809
R 7334800
R 134601810
R 7334801
R 134601811
R 7334802
R 3213610864
R 7334784
R 3213610876
R 3213610880
R 3213610884
R 3213610888
R 3213610892
R 7334589
R 7334280
R 3086149036
R 7334244
W 3213610956
R 7331436
W 3213610956
W 3213610900
R 3213610920
W 3213610896
W 3213610892
R 3213610896
R 3213610900
R 134601809
R 3086147944
R 134601810
R 3086147945
R 134601811
R 3086147946
R 3213610892
R 7334204
R 3213610940
W 3213610947
R 7330976
R 7331416
W 3213611527
W 3213610900
R 3213610920
W 3213610896
W 3213610892
W 3213610888
R 3213610896
R 3213610900
R 134601809
R 134601810
R 134601811
R 134601812
R 134601816
R 3213610888
R 3213610892
R 3213610920
W 3213610896
W 3213610892
R 3213610896
R 134601809
R 134601810
R 134601811
R 134601812
R 134601816
R 3213610896
R 3213610892
R 7330976
W 3213610964
R 3213610940
R 3213610940
R 7333604
R 7331840
R 3213610947
W 3213610968
R 3213610940
W 3213610975
R 7333864
W 3213610984
R 7333820
R 3213610975
R 3213610968
R 3213610968
R 7333852
R 7333864
R 7331536
W 3213610992
R 3213610947
R 3213610940
R 3213610940
R 7333944
R 3213610992
R 3213610936
R 3213610920
W 3213610892
W 3213610888
W 3213610884
W 3213610880
W 3213610876
W 3213610872
R 3213610872
R 3213610872
W 3213610804
R 7330976
R 7333328
W 3213610808
W 3213610776
W 3213610772
W 3213610760
W 3213610628
R 3213610628
R 3213610628
W 3213610764
W 3213610768
W 3213610660
W 3213610656
W 3213610636
W 3213610632
W 3213610628
W 3213610624
R 3213610640
R 3213610636
R 3213610632
R 3213610624
R 3213610628
W 3213610640
W 3213610636
W 3213610632
W 3213610628
W 3213610624
R 3213610636
W 3213610620
R 3213610640
W 3213610616
R 3213610616
R 3213610616
R 3213610620
R 3213610624
R 3213610628
R 3213610708
R 3213610660
W 7333336
R 3213610656
W 3213610652
W 3213610648
W 3213610644
W 3213610640
W 3213610636
W 3213610632
W 3213610628
W 3213610624
W 3213610620
W 3213610616
W 3213610612
R 3213610632
R 3213610636
R 3213610640
R 3213610644
R 3213610648
R 3213610652
R 3213610612
R 3213610616
R 3213610620
R 3213610624
R 3213610628
W 3213610632
W 3213610628
R 3213610632
R 3213610628
R 3213610760
R 3213610764
R 3213610768
R 3213610772
R 3213610776
W 3213610796
R 7333336
W 3213610800
R 3052613632
R 7319642
R 3052613633
R 7319643
R 3052613634
R 7319644
R 3052613635
R 7319645
R 3052613636
R 7319646
R 3052613637
R 7319647
R 3052613638
R 7319648
R 3052613639
R 7319649
R 3052613640
R 7319650
R 3052613641
R 7319651
R 3052613642
R 7319652
R 3213610796
W 7333328
R 3052613644
R 3213610800
W 7333332
R 3052627976
R 7319654
R 3052627977
R 7319655
R 3052627978
R 7319656
R 3052627979
R 7319657
R 3052627980
R 7319658
R 3052627981
R 7319659
R 3052627982
R 7319660
R 3052627983
R 7319661
R 3052627984
R 7319662
R 3052627985
R 7319663
R 3052627986
R 7319664
R 3052627987
R 7319665
R 3052627988
R 7319666
R 3052627989
R 7319667
R 3052627990
R 7319668
R 3052627991
R 7319669
R 3052627992
R 7319670
R 3052627993
R 7319671
R 3052627994
R 7319672
R 3052627995
R 7319673
R 7333328
W 3213610808
R 7333332
W 3213610812
R 7330984
W 3213610784
W 3213610780
W 3213610776
R 3213610780
R 3213610784
R 3213613451
R 7331308
R 3213613452
R 7331309
R 3213610776
W 3213610784
W 3213610780
W 3213610776
R 3213610780
R 3213610784
R 3213613451
R 7331313
R 3213613452
R 7331314
R 3213610776
W 3213610784
W 3213610780
W 3213610776
R 3213610780
R 3213610784
R 3213613451
R 7331318
R 3213613452
R 7331319
R 3213610776
W 3213610784
W 3213610780
W 3213610776
R 3213610780
R 3213610784
R 3213613451
R 7331323
R 3213613452
R 7331324
R 3213613453
R 7331325
R 3213613454
R 7331326
R 3213613455
R 7331327
R 3213610776
W 3213610856
W 3213610860
R 3213610812
R 3052627996
W 3213610836
R 3213610808
R 3213610800
W 3213610872
R 3052642380
R 3213610872
R 3213610812
R 3213610804
W 3213610776
W 3213610772
W 3213610768
W 3213610764
W 3213610760
W 3213610756
R 134601809
R 3213610756
R 3052682899
R 3213610760
W 3213610760
R 3213610760
R 3213610756
W 3213610756
R 134601810
R 3213610756
R 3052682900
R 3213610760
W 3213610760
R 3213610760
R 3213610756
W 3213610756
R 134601811
R 3213610756
R 3052682901
R 3213610760
W 3213610760
R 3213610760
R 3213610756
W 3213610756
R 134601812
R 3213610756
R 3052682902
R 3213610764
R 3213610768
R 3213610772
R 3213610776
W 3213610836
R 3213610836
R 3213610836
R 3213610812
R 3052635180
R 3213610872
R 3213610812
R 3213610804
W 3213610776
W 3213610772
W 3213610768
W 3213610764
W 3213610760
W 3213610756
R 134601809
R 3213610756
R 3052669120
R 3213610760
W 3213610760
R 3213610760
R 3213610756
W 3213610756
R 134601810
R 3213610756
R 3052669121
R 3213610760
W 3213610760
R 3213610760
R 3213610756
W 3213610756
R 134601811
R 3213610756
R 3052669122
R 3213610760
W 3213610760
R 3213610760
R 3213610756
W 3213610756
R 134601812
R 3213610756
R 3052669123
R 3213610764
R 3213610768
R 3213610772
R 3213610776
W 3213610836
R 3213610836
R 3213610836
R 3213610812
R 3052631580
R 3213610872
R 3213610812
R 3213610804
W 3213610776
W 3213610772
W 3213610768
W 3213610764
W 3213610760
W 3213610756
R 134601809
R 3213610756
R 3052662642
R 3213610760
W 3213610760
R 3213610760
R 3213610756
W 3213610756
R 134601810
R 3213610756
R 3052662643
R 3213610760
W 3213610760
R 3213610760
R 3213610756
W 3213610756
R 134601811
R 3213610756
R 3052662644
R 3213610760
W 3213610760
R 3213610760
R 3213610756
W 3213610756
R 134601812
R 3213610756
R 3052662645
R 3213610760
W 3213610760
R 3213610760
R 3213610756
W 3213610756
R 134601813
R 3213610756
R 3052662646
R 3213610764
R 3213610768
R 3213610772
R 3213610776
W 3213610836
R 3213610836
R 3213610836
R 3213610812
R 3052629780
R 3213610872
R 3213610812
R 3213610804
W 3213610776
W 3213610772
W 3213610768
W 3213610764
W 3213610760
W 3213610756
R 134601809
R 3213610756
R 3052659595
R 3213610760
W 3213610760
R 3213610760
R 3213610756
W 3213610756
R 134601810
R 3213610756
R 3052659596
R 3213610760
W 3213610760
R 3213610760
R 3213610756
W 3213610756
R 134601811
R 3213610756
R 3052659597
R 3213610760
W 3213610760
R 3213610760
R 3213610756
W 3213610756
R 134601812
R 3213610756
R 3052659598
R 3213610764
R 3213610768
R 3213610772
R 3213610776
R 3213610836
R 3213610836
R 3213610812
R 3052630668
R 3213610872
R 3213610812
R 3213610804
W 3213610776
W 3213610772
W 3213610768
W 3213610764
W 3213610760
W 3213610756
R 134601809
R 3213610756
R 3052661206
R 3213610760
W 3213610760
R 3213610760
R 3213610756
W 3213610756
R 134601810
R 3213610756
R 3052661207
R 3213610760
W 3213610760
R 3213610760
R 3213610756
W 3213610756
R 134601811
R 3213610756
R 3052661208
R 3213610760
W 3213610760
R 3213610760
R 3213610756
W 3213610756
R 134601812
R 3213610756
R 3052661209
R 3213610764
R 3213610768
R 3213610772
R 3213610776
R 3213610836
R 3213610836
R 3213610812
R 3052631124
R 3213610872
R 3213610812
R 3213610804
W 3213610776
W 3213610772
W 3213610768
W 3213610764
W 3213610760
W 3213610756
R 134601809
R 3213610756
R 3052661945
R 3213610760
W 3213610760
R 3213610760
R 3213610756
W 3213610756
R 134601810
R 3213610756
R 3052661946
R 3213610760
W 3213610760
R 3213610760
R 3213610756
W 3213610756
R 134601811
R 3213610756
R 3052661947
R 3213610760
W 3213610760
R 3213610760
R 3213610756
W 3213610756
R 134601812
R 3213610756
R 3052661948
R 3213610764
R 3213610768
R 3213610772
R 3213610776
R 3213610836
R 3213610836
R 3213610812
R 3052631340
R 3213610872
R 3213610812
R 3213610804
W 3213610776
W 3213610772
W 3213610768
W 3213610764
W 3213610760
W 3213610756
R 134601809
R 3213610756
R 3052662248
R 3213610760
W 3213610760
R 3213610760
R 3213610756
W 3213610756
R 134601810
R 3213610756
R 3052662249
R 3213610760
W 3213610760
R 3213610760
R 3213610756
W 3213610756
R 134601811
R 3213610756
R 3052662250
R 3213610760
W 3213610760
R 3213610760
R 3213610756
W 3213610756
R 134601812
R 3213610756
R 3052662251
R 3213610760
W 3213610760
R 3213610760
R 3213610756
W 3213610756
R 134601813
R 3213610756
R 3052662252
R 3213610764
R 3213610768
R 3213610772
R 3213610776
W 3213610836
R 3213610836
R 3213610836
R 3213610812
R 3052631220
R 3213610872
R 3213610812
R 3213610804
W 3213610776
W 3213610772
W 3213610768
W 3213610764
W 3213610760
W 3213610756
R 134601809
R 3213610756
R 3052662089
R 3213610760
W 3213610760
R 3213610760
R 3213610756
W 3213610756
R 134601810
R 3213610756
R 3052662090
R 3213610760
W 3213610760
R 3213610760
R 3213610756
W 3213610756
R 134601811
R 3213610756
R 3052662091
R 3213610760
W 3213610760
R 3213610760
R 3213610756
W 3213610756
R 134601812
R 3213610756
R 3052662092
R 3213610760
W 3213610760
R 3213610760
R 3213610756
W 3213610756
R 134601813
R 3213610756
R 3052662093
R 3213610764
R 3213610768
R 3213610772
R 3213610776
R 3213610836
R 3213610836
R 3213610812
R 3052631268
R 3213610872
R 3213610812
R 3213610804
W 3213610776
W 3213610772
W 3213610768
W 3213610764
W 3213610760
W 3213610756
R 134601809
R 3213610756
R 3052662147
R 3213610760
W 3213610760
R 3213610760
R 3213610756
W 3213610756
R 134601810
R 3213610756
R 3052662148
R 3213610760
W 3213610760
R 3213610760
R 3213610756
W 3213610756
R 134601811
R 3213610756
R 3052662149
R 3213610760
W 3213610760
R 3213610760
R 3213610756
W 3213610756
R 134601812
R 3213610756
R 3052662150
R 3213610760
W 3213610760
R 3213610760
R 3213610756
W 3213610756
R 134601813
R 3213610756
R 3052662151
R 3213610760
W 3213610760
R 3213610760
R 3213610756
W 3213610756
R 134601814
R 3213610756
R 3052662152
R 3213610760
W 3213610760
R 3213610760
R 3213610756
W 3213610756
R 134601815
R 3213610756
R 3052662153
R 3213610760
W 3213610760
R 3213610760
R 3213610756
W 3213610756
R 134601816
R 3213610756
R 3052662154
R 3213610760
W 3213610760
R 3213610760
R 3213610756
W 3213610756
R 134601817
R 3213610756
R 3052662155
R 3213610764
R 3213610768
R 3213610772
R 3213610776
W 3213610836
R 3213610836
R 3213610836
R 3213610812
R 3052631244
R 3213610872
R 3213610812
R 3213610804
W 3213610776
W 3213610772
W 3213610768
W 3213610764
W 3213610760
W 3213610756
R 134601809
R 3213610756
R 3052662120
R 3213610760
W 3213610760
R 3213610760
R 3213610756
W 3213610756
R 134601810
R 3213610756
R 3052662121
R 3213610760
W 3213610760
R 3213610760
R 3213610756
W 3213610756
R 134601811
R 3213610756
R 3052662122
R 3213610760
W 3213610760
R 3213610760
R 3213610756
W 3213610756
R 134601812
R 3213610756
R 3052662123
R 3213610760
W 3213610760
R 3213610760
R 3213610756
W 3213610756
R 134601813
R 3213610756
R 3052662124
R 3213610760
W 3213610760
R 3213610760
R 3213610756
W 3213610756
R 134601814
R 3213610756
R 3052662125
R 3213610760
W 3213610760
R 3213610760
R 3213610756
W 3213610756
R 134601815
R 3213610756
R 3052662126
R 3213610760
W 3213610760
R 3213610760
R 3213610756
W 3213610756
R 134601816
R 3213610756
R 3052662127
R 3213610760
W 3213610760
R 3213610760
R 3213610756
W 3213610756
R 134601817
R 3213610756
R 3052662128
R 3213610760
W 3213610760
R 3213610760
R 3213610756
W 3213610756
R 134601818
R 3213610756
R 3052662129
R 3213610760
W 3213610760
R 3213610756
W 3213610756
R 3213610760
R 134601819
R 3213610756
R 3052662130
R 3213610756
R 3052662130
R 3213610764
R 3213610768
R 3213610772
R 3213610776
W 3213610864
R 3213610812
R 3052631220
R 3213610872
R 3213610812
R 3213610804
W 3213610776
W 3213610772
W 3213610768
W 3213610764
W 3213610760
W 3213610756
R 134601809
R 3213610756
R 3052662089
R 3213610760
W 3213610760
R 3213610760
R 3213610756
W 3213610756
R 134601810
R 3213610756
R 3052662090
R 3213610760
W 3213610760
R 3213610760
R 3213610756
W 3213610756
R 134601811
R 3213610756
R 3052662091
R 3213610760
W 3213610760
R 3213610760
R 3213610756
W 3213610756
R 134601812
R 3213610756
R 3052662092
R 3213610760
W 3213610760
R 3213610760
R 3213610756
W 3213610756
R 134601813
R 3213610756
R 3052662093
R 3213610764
R 3213610768
R 3213610772
R 3213610776
R 3213610812
W 3213610852
R 3213610864
R 3052631240
R 3052631248
R 3213610872
W 3213610816
R 3213610852
R 7330980
R 3052631252
R 3052631260
R 3052631256
W 3213610828
W 3213610824
W 3213610832
R 3213610828
W 3213610820
R 7331040
R 7331036
W 3213610788
R 3213610820
W 3213610792
R 3213610824
R 3213610788
R 3213610792
W 3213610788
R 3213610788
W 3213610792
R 3213610816
R 3213610812
R 7331032
W 3213610852
R 7330976
R 3213610852
R 3213610876
R 3213610880
R 3213610884
R 3213610888
R 3213610892
W 3213610976
R 3213610947
R 3213610940
R 7333973
R 3213610947
R 3213610940
W 3213610904
W 3213610900
W 3213610896
R 3213610976
W 3213610892
W 3213610888
W 3213610884
W 3213610880
W 3213610876
W 3213610872
R 3213610872
R 3213610872
R 3213610896
W 3213610812
R 3213610904
W 3213610808
W 3213610807
R 7331416
R 3213610812
W 3213610768
W 3213610764
W 3213610760
W 3213610756
R 3213610772
R 3213610768
R 3213610764
R 3213610756
R 3213610760
W 3213610828
R 3213610808
W 7333432
W 3213610772
W 3213610764
W 3213610816
W 3213610768
W 3213610760
W 3213610756
R 3213610772
R 3213610768
R 3213610764
R 3213610756
R 3213610760
R 3213610808
W 3213610820
W 3213611000
R 3213610816
R 3213611004
R 7316632
R 3213611005
R 7316633
R 3213611006
R 7316634
R 3213611007
R 7316635
R 3213611008
R 7316636
R 3213611009
R 7316637
R 3213611010
R 7316638
R 3213611011
R 7316639
R 3213611012
R 7316640
R 3213610816
W 3213610824
R 3213611024
R 3213611022
R 3213611020
R 3213610816
W 3213610824
R 3213611046
R 3213611048
R 3213611032
R 3213610820
R 3213610816
W 3213610780
R 3213610780
R 3213610780
R 3213610780
W 3213610784
R 3213610784
R 3213611056
R 3213610784
W 3213610784
R 3213610780
R 3213610784
R 3213610784
R 3213611088
R 3213610784
W 3213610784
R 3213610780
R 3213610784
R 3213610784
R 3213611120
R 3213610784
W 3213610784
R 3213610780
R 3213610784
R 3213610784
R 3213611152
R 3213610784
W 3213610784
R 3213610780
R 3213610784
R 3213610784
R 3213611184
R 3213610784
W 3213610784
R 3213610780
R 3213610784
R 3213610784
R 3213611216
R 3213611232
R 3213611244
R 3213611220
R 3213610808
R 3213611000
R 3213610816
W 3213610836
R 3213611344
R 7316616
R 3213611345
R 7316617
R 3213611346
R 7316618
R 3213611347
R 7316619
R 3213611348
R 7316620
R 3213611349
R 7316621
R 3213611350
R 7316622
R 3213611351
R 7316623
R 3213611352
R 7316624
R 3213611353
R 7316625
R 3213611354
R 7316626
R 3213611355
R 7316627
R 3213611356
R 7316628
R 3213611357
R 7316629
R 3213611358
R 7316630
R 3213611359
R 7316631
R 3213610836
R 3213611364
R 3213611372
R 3213611360
R 3213611368
R 7330980
R 3213610828
R 3213610876
R 3213610880
R 3213610884
R 3213610888
R 3213610892
W 3213610996
R 3213610976
W 3213610896
W 3213610892
R 3213610896
R 3052662131
R 3052662132
R 3052662136
R 3052662140
R 3052662144
R 3213610896
R 3213610892
W 3213610896
W 3213610892
R 7331792
W 3213610888
W 3213610884
W 3213610880
R 3213610880
R 3213610880
R 3213610896
W 3213610876
W 3213610880
W 3213610872
R 7331788
W 3213610868
W 3213610856
R 3213610876
W 3213610828
R 3213610828
R 3213610828
W 3213610864
R 3213610880
W 3213610860
R 7333400
R 7333396
R 7333400
W 7333396
R 7333396
W 7333404
W 7333396
R 3213610856
R 3213610860
R 3213610864
R 3213610868
R 3213610872
R 3213610884
R 3213610888
R 3213610892
W 3213610904
R 3213610976
W 3213610896
W 3213610900
W 3213610892
R 3213610904
R 3213610896
R 3213610900
W 7335880
R 3052662131
W 7335884
R 3052662135
W 7335888
R 3052662139
W 7335892
R 3052662143
R 3213610896
R 3213610892
W 3213611520
R 3213610996
W 3213610992
R 7330976
R 3213610992
R 3213611556
R 3213610940
W 3213610940
R 7331568
R 3213611560
W 3213611516
W 3213610916
W 3213610912
R 3213611556
W 3213610908
R 3213611548
W 3213610904
R 3213610940
W 3213610900
R 3213611520
W 3213610896
R 3213610992
R 3213610920
W 3213610892
W 3213610888
W 3213610884
W 3213610880
W 3213610876
W 3213610872
R 3213610872
R 3213610872
W 3213610656
R 3213610916
W 3213610660
W 3213610652
W 3213610576
W 3213610572
W 3213610568
W 3213610564
W 3213610560
R 3213610560
R 3213610560
R 7331812
R 7333440
R 3213610564
R 3213610568
R 3213610572
R 3213610576
W 3213610696
W 3213610588
R 3213610656
W 3213610580
W 3213610584
W 3213610576
W 3213610572
R 3213610584
W 3213610568
R 3213610588
W 3213610564
R 3213610564
R 3213610564
R 3213610568
R 3213610572
R 3213610576
R 3213610916
W 3213610644
R 7331840
W 3213610676
R 3213610764
R 3213610768
R 3213610852
R 3213610856
W 3213610744
W 3213610748
R 3213610676
R 7333853
R 7333940
R 7333936
R 3213610676
R 7333468
W 3213610676
R 3213610676
R 7332877
R 7332964
R 7332960
R 3213610676
R 7332492
W 3213610676
R 3213610676
R 7334589
R 7334676
R 7334672
R 3213610676
R 7334204
W 3213610676
R 3213610916
R 3213610908
W 3213610676
R 7330976
R 3213610696
W 3213610703
R 7333448
R 3213610916
W 3213610588
R 3213610908
W 3213610584
R 3213610900
W 3213610580
R 3213610904
R 3213610660
R 3213610896
W 3213610576
W 3213610572
W 3213610568
W 3213610564
W 3213610560
W 3213610556
R 3213610556
R 3213610556
W 3213610528
W 3213610524
W 3213610520
W 3213610508
W 3213610504
R 3213610508
R 134601809
R 134601810
R 134601811
R 134601812
R 134601816
R 3213610508
R 3213610504
W 3213610536
R 7331416
W 3213610544
R 3213610584
W 3213610512
R 3213610536
W 3213610508
W 3213610504
R 7331796
W 3213610500
R 3213610512
W 3213610492
R 3213610508
W 3213610488
W 3213610480
R 3213610480
R 3213610480
W 3213610496
W 3213610484
W 3213610480
R 7331792
W 3213610476
W 3213610472
W 3213610468
R 3213610468
R 3213610468
R 3213610484
W 3213610464
W 3213610468
W 3213610460
R 7331788
W 3213610456
W 3213610444
R 3213610464
W 3213610416
R 3213610416
R 3213610416
W 3213610452
R 3213610468
W 3213610448
R 7333400
R 7333396
R 7333400
W 7333396
R 7330992
W 3213610440
W 3213610436
W 3213610432
W 3213610428
W 3213610424
W 3213610420
W 3213610416
W 3213610412
W 3213610408
W 3213610404
W 3213610400
R 3213610420
R 3213610424
R 3213610428
R 3213610432
R 3213610436
R 3213610440
R 3213610400
R 3213610404
R 3213610408
R 3213610412
R 3213610416
R 7333400
R 7333396
W 7333396
W 7333400
R 7333396
W 7333404
W 7333396
R 3213610444
R 3213610448
R 3213610452
R 3213610456
R 3213610460
R 3213610472
R 3213610476
R 3213610480
R 3213610488
R 3213610492
R 3213610496
R 3213610500
R 3213610504
W 3213610540
W 3213610532
R 3213610536
W 3053150236
W 3213610540
W 3053150228
W 3213610516
R 3213610524
W 3213610508
W 3213610512
W 3213610504
R 3213610516
R 3213610508
R 3213610512
W 3053150808
R 134601809
W 3053150809
R 134601810
W 3053150811
R 134601812
W 3053150815
R 134601816
R 3213610508
R 3213610504
R 3213610540
W 3053150804
R 3213610520
R 3213610528
W 3053150796
R 3053150604
W 3053150212
W 3053150604
R 3213610588
R 3213610580
W 3053150232
R 3213610544
W 3053150572
R 3213610588
R 3213610532
R 3213610532
R 7331840
W 3053150668
W 3053150664
R 7333468
R 7332492
R 7334204
R 3213610532
W 3053150224
W 7334204
R 3213610588
R 3053150668
R 7331840
W 3053150648
R 7331844
W 7331844
R 3213610580
R 7332440
W 7332440
R 7332444
W 7332444
R 3213610580
R 7333820
R 3053150648
R 3213610532
R 3213610532
R 3213610528
W 3053150672
R 7335880
W 3213610508
W 3213610504
R 3213610508
R 7335880
R 7335884
R 7335888
R 7335892
R 3213610508
R 3213610504
W 3213610548
W 3213610508
W 3213610504
R 7331792
W 3213610500
W 3213610496
W 3213610492
R 3213610492
R 3213610492
R 3213610508
W 3213610488
W 3213610492
W 3213610484
R 7331788
W 3213610480
W 3213610468
R 3213610488
W 3213610440
R 3213610440
R 3213610440
W 3213610476
R 3213610492
W 3213610472
R 7333400
R 7333396
R 7333400
W 7333396
R 7333396
W 7333404
W 7333396
R 3213610468
R 3213610472
R 3213610476
R 3213610480
R 3213610484
R 3213610496
R 3213610500
R 3213610504
W 3213610552
W 3213610552
R 3213610548
W 3213610516
R 3213610528
W 3213610508
W 3213610512
W 3213610504
R 3213610516
R 3213610508
R 3213610512
W 3053150824
R 7335880
W 3053150828
R 7335884
W 3053150832
R 7335888
W 3053150836
R 7335892
R 3213610504
R 3053150839
R 3053150838
R 3053150837
R 3053150836
R 3053150835
R 3053150834
R 3053150833
R 3053150832
R 3053150831
R 3053150830
R 3053150829
R 3053150828
R 3213610552
R 3213610552
W 3053150828
R 3213610552
R 3213610532
W 3053150632
R 3213610540
R 3213610560
R 3213610564
R 3213610568
R 3213610572
R 3213610576
W 3213610676
W 3213610692
R 3213610676
R 3213610652
R 3213610676
R 3213611028
R 3213611020
W 3213610680
W 3053150548
R 3213611048
W 3213610666
W 3053150552
R 3213611048
R 3213610652
R 3213611032
R 3213611000
W 3213610684
R 3213610676
W 3213610672
R 3053150552
R 3213610684
R 3213610684
W 3213610640
W 3213610648
R 3213610908
R 3213610684
W 3213610704
W 3213610712
W 3213610668
W 3213610716
W 3213610636
R 3213611056
R 3213611064
R 3213610676
W 3053150544
R 3213610640
R 3213610684
R 3213611088
R 3213610640
R 3213610684
R 3213611120
R 7330992
R 3213611148
R 3213611128
R 3213611124
R 3213610636
R 3213610712
W 3213610712
W 3213610756
W 3213610400
R 7330992
W 3213610636
R 3213611136
R 3213611128
R 3213610636
W 3213610404
R 3213611128
R 3213611136
W 3213610408
R 3213611128
R 3213611140
W 3213610412
R 7330992
R 3213611124
R 3213610712
W 3213610416
R 3213611144
R 3213610756
W 3213610420
R 3213610640
R 3213610684
R 3213611152
R 7330992
R 3213611180
R 3213611160
R 3213611156
R 3213610636
R 3213610712
W 3213610712
W 3213610756
W 3213610424
R 7330992
W 3213610636
R 3213611168
R 3213611160
R 3213610636
W 3213610428
R 3213611160
R 3213611168
W 3213610432
R 3213611160
R 3213611172
W 3213610436
R 7330992
R 3213611156
R 3213610712
W 3213610440
R 3213610756
R 3213610716
R 3213610404
R 3213610424
W 3213610716
R 3213611176
R 3213610756
W 3213610444
R 3213610640
R 3213610684
R 3213611184
R 3213611192
R 3213610676
W 3053150216
R 3213611204
W 3053150554
R 3213610640
R 3213610684
R 3213611216
R 3213610640
R 3213610684
R 3213611248
R 3213610640
R 3213610684
R 3213611280
R 3213611304
W 3213610704
R 3213610640
R 3213610684
R 3213611312
R 3213611320
R 3213610676
W 3053150788
R 3213611332
W 3053150792
R 3213610640
R 3213610684
R 3213610712
R 3213610712
R 3213610648
R 3213610666
R 3213610400
W 3213610688
R 3213610436
R 3213610688
W 3213610760
R 3213610648
R 3213610416
W 3213610368
R 3213610656
W 3213610360
W 3213610364
R 3213610420
W 3213610356
R 3213610760
W 3213610352
R 7331336
W 3213610348
W 3213610344
W 3213610340
W 3213610336
W 3213610332
W 3213610328
R 3213610348
R 3213610352
R 3213610356
R 3213610360
R 3213610364
R 3213610368
R 3213610328
R 3213610332
R 3213610336
R 3213610340
R 3213610344
R 3213610676
W 3053150636
R 3213610760
W 3053150640
R 3213610648
R 3213610676
R 3213610400
R 3213610716
W 3053150208
R 3213610676
R 3053150605
W 3053150605
R 3213610648
R 3213610420
R 3213610676
R 3053150208
R 3213610404
W 3053150644
R 3213610676
R 3053150544
R 3213610412
R 3213610408
R 3213610712
R 3213610648
R 3213610428
R 3213610424
R 3213610440
W 3213610368
R 3213610656
W 3213610360
W 3213610364
R 3213610444
W 3213610352
W 3213610356
R 3213610676
R 3053150208
W 3213610348
W 3213610344
W 3213610340
W 3213610336
W 3213610332
W 3213610328
R 3213610348
R 3213610352
R 3213610356
R 3213610360
R 3213610364
R 3213610368
R 3213610328
R 3213610332
R 3213610336
R 3213610340
R 3213610344
R 3213610444
R 3213610676
R 3053150544
R 3213610436
R 3213610432
R 3213610676
R 3053150208
R 7330992
W 3213610732
R 3213610732
R 3213610732
W 3213610740
R 3213610444
R 3213610740
W 3213610352
W 3213610348
W 3213610356
W 3213610344
W 3213610340
R 3213610348
R 3213610356
R 3213610352
W 11481448
W 11481452
W 11481456
W 11481460
W 11481464
W 11481468
W 11481472
W 11481476
W 11481480
W 11481484
W 11481488
W 11481492
W 11481496
W 11481500
W 11481504
W 11481508
W 11481512
W 11481516
W 11481520
W 11481524
W 11481528
W 11481532
W 11481536
W 11481540
W 11481544
W 11481548
W 11481552
W 11481556
W 11481560
W 11481564
W 11481568
W 11481572
W 11481576
W 11481580
W 11481584
W 11481588
W 11481592
W 11481596
W 11481600
W 11481604
W 11481608
W 11481612
W 11481616
W 11481620
W 11481624
W 11481628
W 11481632
W 11481636
W 11481640
W 11481644
W 11481648
W 11481652
W 11481656
W 11481660
W 11481664
W 11481668
W 11481672
R 3213610348
R 3213610340
R 3213610344
R 3213610444
R 3213610740
R 3213610732
R 3213610712
R 3213610648
R 3213610676
R 3213610672
R 3053150216
R 3213610676
R 3053150208
W 3053150216
R 11480796
W 3053150244
R 11480804
W 3053150244
R 11480812
W 3053150244
R 11480820
W 3053150296
R 11480828
W 3053150288
R 11480836
W 3053150292
R 11480844
W 3053150256
R 11480852
W 3053150540
R 11480860
W 3053150260
R 11480868
W 3053150264
R 11480876
W 3053150280
R 11480884
W 3053150284
R 11480892
W 3053150252
R 11480900
W 3053150248
R 11480908
W 3053150320
R 11480916
W 3053150332
R 11480924
W 3053150308
R 11480932
W 3053150312
R 11480940
W 3053150316
R 11480948
W 3053150388
R 11480956
W 3053150384
R 11480964
W 3053150392
R 11480972
W 3053150380
R 11480980
W 3053150376
R 11480988
W 3053150436
R 11480996
W 3053150396
R 11481004
W 3053150480
R 11481012
W 3053150492
R 11481020
R 3213610676
R 3053150208
R 3053150360
R 3053150392
R 11480968
R 3213610676
W 3053150724
R 3053150356
R 3213610676
R 3053150724
R 3213610676
R 3053150544
R 3213610676
R 3053150208
W 3053150544
R 7333208
R 3213610704
W 3213610704
R 3213610704
R 3213610676
R 3053150760
R 3213610656
W 3213610580
W 3213610576
R 3213610580
R 3213610576
W 3213610692
R 3213610676
R 3053150604
R 3213610688
R 3213610676
R 3053150548
R 3053150208
W 3053150548
R 7330976
R 3213610676
W 3213610576
W 3213610572
W 3213610568
W 3213610564
W 3213610560
R 3053150540
R 11480856
R 11448692
W 3053150576
R 11448696
W 3213610552
R 11448700
W 3053150580
R 11448704
W 3053150592
W 3053150588
W 3053150584
R 3213610552
W 3053150596
R 3213610564
R 3213610568
R 3213610572
R 3213610576
R 3213610908
R 3213610676
R 3053150304
R 3213610676
R 3213610768
R 3213610676
R 7331340
R 3053150724
R 7332448
W 7332448
R 3213610764
W 3053150684
W 3053150680
R 3213610852
R 3213610856
W 3053150688
W 3053150692
R 7331416
R 3213610676
R 3213610876
R 3213610880
R 3213610884
R 3213610888
R 3213610892
R 3213611528
R 3213611532
R 3213611536
R 3213611540
R 3213611544
W 3213612020
R 3213611564
R 3213611568
R 3213611572
R 3213611576
R 3213611784
R 3213611608
W 7333276
R 3213611604
R 3213611600
W 3213612024
R 3213611596
W 3213612028
W 3213612035
R 3213611788
R 3213611792
R 3213611796
R 3213611800
R 3213612028
R 3213612020
R 3053150604
R 3213611916
R 3213611968
W 3213611968
W 3213611800
W 3213611796
W 3213611792
W 3213611832
R 3053150604
W 3053150604
W 3213611916
R 3213611936
R 3213611976
R 134599752
W 3213611976
R 3213611976
R 3213611944
R 134599756
W 3213611780
W 3213611776
W 3213611772
W 3213611768
R 3213611776
R 3213611780
R 134601869
R 134601870
R 134601871
R 134601872
R 134601876
R 134601880
R 3213611768
R 3213611772
R 3213611868
W 3213611780
W 3213612016
R 3213611864
W 3213611776
R 3213611860
W 3213611772
W 3213611768
W 3213611764
W 3213611760
W 3213611756
R 3213611756
R 3213611756
W 3213611576
W 3213611572
W 3213611568
W 3213611592
R 7332476
W 3213611548
W 3213611544
R 3213611544
R 3213611544
W 3213611544
R 3213611544
R 3213611548
W 3213611580
R 7333276
W 3213611556
W 3213611756
W 3213611552
W 3213611548
R 3213611552
W 3213611600
W 3213611604
W 3213611608
W 3213611616
R 3213611548
W 3213611620
W 3213611612
R 3213611548
R 3213611580
W 7333276
R 3213611780
W 3213611552
R 3213611776
W 3213611548
W 3213611544
W 3213611540
W 3213611536
R 3213611552
R 3213612000
R 7333852
R 3213612016
R 7333480
W 3213611532
R 3213612008
W 3213611528
R 3213612004
W 3213611520
W 3213611524
W 3213611516
W 3213611512
W 3213611508
W 3213611504
W 3213611500
W 3213611496
R 3213611496
R 3213611496
W 3213610912
W 3213610892
R 3213611532
W 3213610908
W 3213610900
R 3213610900
R 7331840
R 7333853
R 3213610892
W 3213610864
W 3213610860
W 3213610856
W 3213610852
W 3213610848
W 3213610844
R 3213610844
R 3213610844
R 7333460
W 3213610840
W 3213610844
W 3213610836
R 3213610840
R 3213610844
R 134601869
R 7318859
R 3213610836
R 7333484
R 7334172
W 3213610840
W 3213610844
W 3213610836
R 3213610840
R 3213610844
R 134601869
R 7334184
R 3213610836
R 7334176
